[14-04-2026 08:34:57] START
[14-04-2026 08:34:57] HEARTBEAT|bidding-processor
[14-04-2026 08:34:58] HEARTBEAT|message-processor
[14-04-2026 08:34:58] HEARTBEAT|auctioneer
[14-04-2026 08:34:58] HEARTBEAT|bidder_0e84153cac0b
[14-04-2026 08:34:58] HEARTBEAT|bidder_44bdd11bd881
[14-04-2026 08:34:58] HEARTBEAT|bidder_8e56bd4a31d5
[14-04-2026 08:35:02] HEARTBEAT|bidding-processor
[14-04-2026 08:35:03] HEARTBEAT|message-processor
[14-04-2026 08:35:03] HEARTBEAT|auctioneer
[14-04-2026 08:35:03] HEARTBEAT|bidder_0e84153cac0b
[14-04-2026 08:35:03] HEARTBEAT|bidder_44bdd11bd881
[14-04-2026 08:35:03] HEARTBEAT|bidder_8e56bd4a31d5
[14-04-2026 08:35:07] HEARTBEAT|bidding-processor
[14-04-2026 08:35:08] HEARTBEAT|message-processor
[14-04-2026 08:35:08] HEARTBEAT|auctioneer
[14-04-2026 08:35:08] HEARTBEAT|bidder_0e84153cac0b
[14-04-2026 08:35:08] HEARTBEAT|bidder_44bdd11bd881
[14-04-2026 08:35:08] HEARTBEAT|bidder_8e56bd4a31d5
[14-04-2026 08:35:12] HEARTBEAT|bidding-processor
[14-04-2026 08:35:13] HEARTBEAT|message-processor
[14-04-2026 08:35:13] HEARTBEAT|auctioneer
[14-04-2026 08:35:13] HEARTBEAT|bidder_0e84153cac0b
[14-04-2026 08:35:13] HEARTBEAT|bidder_44bdd11bd881
[14-04-2026 08:35:13] HEARTBEAT|bidder_8e56bd4a31d5
[14-04-2026 08:35:24] RESTART|auctioneer
[14-04-2026 08:35:25] RESTART|bidder_0e84153cac0b
[14-04-2026 08:35:25] HEARTBEAT|auctioneer
[14-04-2026 08:35:25] RESTART|bidding-processor
[14-04-2026 08:35:25] HEARTBEAT|bidder_0e84153cac0b
[14-04-2026 08:35:25] RESTART|bidder_8e56bd4a31d5
[14-04-2026 08:35:25] HEARTBEAT|bidding-processor
[14-04-2026 08:35:25] RESTART|message-processor
[14-04-2026 08:35:25] HEARTBEAT|bidder_8e56bd4a31d5
[14-04-2026 08:35:26] RESTART|bidder_44bdd11bd881
[14-04-2026 08:35:26] HEARTBEAT|message-processor
[14-04-2026 08:35:26] HEARTBEAT|bidder_44bdd11bd881
[14-04-2026 08:35:30] HEARTBEAT|auctioneer
[14-04-2026 08:35:30] HEARTBEAT|bidder_0e84153cac0b
[14-04-2026 08:35:30] HEARTBEAT|bidding-processor
[14-04-2026 08:35:30] HEARTBEAT|bidder_8e56bd4a31d5
[14-04-2026 08:35:31] HEARTBEAT|message-processor
[14-04-2026 08:35:31] HEARTBEAT|bidder_44bdd11bd881
[14-04-2026 08:35:35] HEARTBEAT|auctioneer
[14-04-2026 08:35:35] HEARTBEAT|bidder_0e84153cac0b
[14-04-2026 08:35:35] HEARTBEAT|bidding-processor
[14-04-2026 08:35:35] HEARTBEAT|bidder_8e56bd4a31d5
[14-04-2026 08:35:36] HEARTBEAT|message-processor
[14-04-2026 08:35:36] HEARTBEAT|bidder_44bdd11bd881
[14-04-2026 08:35:40] HEARTBEAT|auctioneer
[14-04-2026 08:35:40] HEARTBEAT|bidder_0e84153cac0b
[14-04-2026 08:35:40] HEARTBEAT|bidder_8e56bd4a31d5
[14-04-2026 08:35:41] HEARTBEAT|message-processor
[14-04-2026 08:35:41] HEARTBEAT|bidder_44bdd11bd881
[14-04-2026 08:35:45] HEARTBEAT|auctioneer
[14-04-2026 08:35:45] HEARTBEAT|bidder_0e84153cac0b
[14-04-2026 08:35:45] HEARTBEAT|bidder_8e56bd4a31d5
[14-04-2026 08:35:46] HEARTBEAT|bidder_44bdd11bd881
[14-04-2026 08:35:47] RESTART|bidding-processor
[14-04-2026 08:35:47] HEARTBEAT|bidding-processor
[14-04-2026 08:35:50] HEARTBEAT|auctioneer
[14-04-2026 08:35:50] HEARTBEAT|bidder_0e84153cac0b
[14-04-2026 08:35:50] HEARTBEAT|bidder_8e56bd4a31d5
[14-04-2026 08:35:51] HEARTBEAT|bidder_44bdd11bd881
[14-04-2026 08:35:52] HEARTBEAT|bidding-processor
[14-04-2026 08:35:53] RESTART|message-processor
[14-04-2026 08:35:53] HEARTBEAT|message-processor
[14-04-2026 08:35:55] HEARTBEAT|auctioneer
[14-04-2026 08:35:55] HEARTBEAT|bidder_0e84153cac0b
[14-04-2026 08:35:55] HEARTBEAT|bidder_8e56bd4a31d5
[14-04-2026 08:35:56] HEARTBEAT|bidder_44bdd11bd881
[14-04-2026 08:35:57] HEARTBEAT|bidding-processor
[14-04-2026 08:35:58] HEARTBEAT|message-processor
[14-04-2026 08:36:02] HEARTBEAT|bidding-processor
[14-04-2026 08:36:03] HEARTBEAT|message-processor
[14-04-2026 08:36:05] RESTART|auctioneer
[14-04-2026 08:36:06] RESTART|bidder_0e84153cac0b
[14-04-2026 08:36:06] HEARTBEAT|auctioneer
[14-04-2026 08:36:06] HEARTBEAT|bidder_0e84153cac0b
[14-04-2026 08:36:09] RESTART|bidder_8e56bd4a31d5
[14-04-2026 08:36:09] RESTART|bidder_44bdd11bd881
[14-04-2026 08:36:09] HEARTBEAT|bidder_8e56bd4a31d5
[14-04-2026 08:36:09] EROARE|java.lang.Exception: Eroare: Microserviciul 53308 a fost deconectat.
[14-04-2026 08:36:09] ERROR: Microserviciul 53308 a fost deconectat
[14-04-2026 08:36:12] RESTART|bidding-processor
[14-04-2026 08:36:12] RESTART|bidder_44bdd11bd881
[14-04-2026 08:36:16] RESTART|auctioneer
[14-04-2026 08:36:16] RESTART|bidding-processor
[14-04-2026 08:36:17] RESTART|message-processor
[14-04-2026 08:36:17] RESTART|bidder_44bdd11bd881
[14-04-2026 08:36:20] RESTART|auctioneer
[14-04-2026 08:36:21] RESTART|bidder_0e84153cac0b
[14-04-2026 08:36:21] RESTART|bidding-processor
[14-04-2026 08:36:22] RESTART|bidder_8e56bd4a31d5
[14-04-2026 08:36:22] RESTART|message-processor
[14-04-2026 08:36:22] RESTART|bidder_44bdd11bd881
[14-04-2026 08:36:25] RESTART|auctioneer
[14-04-2026 08:36:26] RESTART|bidder_0e84153cac0b
